 Container devcontainer-nuclear-dev-run-720d3d9f9173 Creating 
 Container devcontainer-nuclear-dev-run-720d3d9f9173 Created 
2:35:01 AM [vite+] warning: `esbuild` option was specified by "vite:react-babel" plugin. This option is deprecated, please use `oxc` instead.
2:35:01 AM [vite+] warning: `optimizeDeps.esbuildOptions` option was specified by "vite:react-babel" plugin. This option is deprecated, please use `optimizeDeps.rolldownOptions` instead.
You or a plugin you are using have set `optimizeDeps.esbuildOptions` but this option is now deprecated. Vite now uses Rolldown to optimize the dependencies. Please use `optimizeDeps.rolldownOptions` instead.
2:35:01 AM [vite+] warning: `esbuild` option was specified by "vite:react-babel" plugin. This option is deprecated, please use `oxc` instead.
2:35:01 AM [vite+] warning: `optimizeDeps.esbuildOptions` option was specified by "vite:react-babel" plugin. This option is deprecated, please use `optimizeDeps.rolldownOptions` instead.
You or a plugin you are using have set `optimizeDeps.esbuildOptions` but this option is now deprecated. Vite now uses Rolldown to optimize the dependencies. Please use `optimizeDeps.rolldownOptions` instead.
2:35:01 AM [vite+] warning: `esbuild` option was specified by "vite:react-babel" plugin. This option is deprecated, please use `oxc` instead.
2:35:01 AM [vite+] warning: `optimizeDeps.esbuildOptions` option was specified by "vite:react-babel" plugin. This option is deprecated, please use `optimizeDeps.rolldownOptions` instead.
You or a plugin you are using have set `optimizeDeps.esbuildOptions` but this option is now deprecated. Vite now uses Rolldown to optimize the dependencies. Please use `optimizeDeps.rolldownOptions` instead.
2:35:01 AM [vite+] warning: `esbuild` option was specified by "vite:react-babel" plugin. This option is deprecated, please use `oxc` instead.
2:35:01 AM [vite+] warning: `optimizeDeps.esbuildOptions` option was specified by "vite:react-babel" plugin. This option is deprecated, please use `optimizeDeps.rolldownOptions` instead.
You or a plugin you are using have set `optimizeDeps.esbuildOptions` but this option is now deprecated. Vite now uses Rolldown to optimize the dependencies. Please use `optimizeDeps.rolldownOptions` instead.
~/packages/player$ tsc ⊘ cache disabled

~/packages/player$ vite build ⊘ cache disabled
vite v7.3.5 building client environment for production...
transforming...

[@tanstack/devtools-vite] Removed devtools code from: /src/components/DevTools.tsx

✓ 4273 modules transformed.
rendering chunks...
computing gzip size...
dist/index.html                                                            0.61 kB │ gzip:     0.35 kB
dist/assets/bricolage-grotesque-vietnamese-800-normal-RJtJa6zl.woff2       5.06 kB
dist/assets/space-mono-vietnamese-400-normal-B0PMp_xB.woff                 5.41 kB
dist/assets/bricolage-grotesque-vietnamese-800-normal-DJ4hCX8l.woff        6.80 kB
dist/assets/space-mono-vietnamese-400-normal-BNOj0Qhp.woff2                7.27 kB
dist/assets/dm-sans-latin-ext-400-normal-BtiwyxMk.woff2                    7.36 kB
dist/assets/dm-sans-latin-ext-700-normal-CJIcxD6K.woff2                    7.45 kB
dist/assets/dm-sans-latin-ext-400-normal-BjWJ59Pq.woff                     9.98 kB
dist/assets/dm-sans-latin-ext-700-normal-BLI3TTWz.woff                    10.01 kB
dist/assets/bricolage-grotesque-latin-ext-800-normal-BimIDUhy.woff2       10.50 kB
dist/assets/space-mono-latin-400-normal-_3DlpgIW.woff                     12.31 kB
dist/assets/space-mono-latin-ext-400-normal-D4cJI_B-.woff                 12.61 kB
dist/assets/bricolage-grotesque-latin-ext-800-normal-CkoBqIJM.woff        13.61 kB
dist/assets/dm-sans-latin-400-normal-CW0RaeGs.woff2                       14.20 kB
dist/assets/dm-sans-latin-700-normal-DvUfVpUG.woff2                       14.35 kB
dist/assets/space-mono-latin-ext-400-normal-DTLbW2xa.woff2                15.83 kB
dist/assets/space-mono-latin-400-normal-Rg4St2Dn.woff2                    16.52 kB
dist/assets/dm-sans-latin-400-normal-BwCSEQnW.woff                        18.36 kB
dist/assets/dm-sans-latin-700-normal-CUSSCpQX.woff                        18.50 kB
dist/assets/bricolage-grotesque-latin-800-normal-J50vIsBe.woff2           21.84 kB
dist/assets/bricolage-grotesque-latin-800-normal-Br4b-5gk.woff            26.44 kB
dist/assets/esbuild-CzsZLPr0.wasm                                     13,918.74 kB │ gzip: 3,765.48 kB
dist/assets/react-B_HLJtWd.css                                            21.91 kB │ gzip:     4.99 kB
dist/assets/i18n-CqFoPaZz.css                                             52.35 kB │ gzip:     9.66 kB
dist/assets/preload-helper-BXl3LOEh.js                                     1.11 kB │ gzip:     0.65 kB
dist/assets/index--mnOSxdR.js                                              1.52 kB │ gzip:     0.74 kB
dist/assets/index-DoiqR_xz.js                                              4.76 kB │ gzip:     1.93 kB
dist/assets/browser-DMOqUXGX.js                                           70.26 kB │ gzip:    19.95 kB
dist/assets/i18n-Bl2bmFOz.js                                             378.08 kB │ gzip:   110.57 kB
dist/assets/react-BeNRs30a.js                                            925.95 kB │ gzip:   276.99 kB
dist/assets/initPlayerApp-tWE83cBl.js                                  1,121.64 kB │ gzip:   327.49 kB

(!) Some chunks are larger than 500 kB after minification. Consider:
- Using dynamic import() to code-split the application
- Use build.rollupOptions.output.manualChunks to improve chunking: https://rollupjs.org/configuration-options/#output-manualchunks
- Adjust chunk size limit for this warning via build.chunkSizeWarningLimit.
✓ built in 5.46s

~/packages/player$ tauri build ⊘ cache disabled
        Info Looking up installed tauri packages to check mismatched versions...
     Running beforeBuildCommand `cd ../.. && pnpm --filter @nuclearplayer/player build:frontend`

> @nuclearplayer/player@1.39.0 build:frontend /workspaces/nuclear/packages/player
> tsc && vite build

vite v7.3.5 building client environment for production...
transforming...

[@tanstack/devtools-vite] Removed devtools code from: /src/components/DevTools.tsx

✓ 4273 modules transformed.
rendering chunks...
computing gzip size...
dist/index.html                                                            0.61 kB │ gzip:     0.35 kB
dist/assets/bricolage-grotesque-vietnamese-800-normal-RJtJa6zl.woff2       5.06 kB
dist/assets/space-mono-vietnamese-400-normal-B0PMp_xB.woff                 5.41 kB
dist/assets/bricolage-grotesque-vietnamese-800-normal-DJ4hCX8l.woff        6.80 kB
dist/assets/space-mono-vietnamese-400-normal-BNOj0Qhp.woff2                7.27 kB
dist/assets/dm-sans-latin-ext-400-normal-BtiwyxMk.woff2                    7.36 kB
dist/assets/dm-sans-latin-ext-700-normal-CJIcxD6K.woff2                    7.45 kB
dist/assets/dm-sans-latin-ext-400-normal-BjWJ59Pq.woff                     9.98 kB
dist/assets/dm-sans-latin-ext-700-normal-BLI3TTWz.woff                    10.01 kB
dist/assets/bricolage-grotesque-latin-ext-800-normal-BimIDUhy.woff2       10.50 kB
dist/assets/space-mono-latin-400-normal-_3DlpgIW.woff                     12.31 kB
dist/assets/space-mono-latin-ext-400-normal-D4cJI_B-.woff                 12.61 kB
dist/assets/bricolage-grotesque-latin-ext-800-normal-CkoBqIJM.woff        13.61 kB
dist/assets/dm-sans-latin-400-normal-CW0RaeGs.woff2                       14.20 kB
dist/assets/dm-sans-latin-700-normal-DvUfVpUG.woff2                       14.35 kB
dist/assets/space-mono-latin-ext-400-normal-DTLbW2xa.woff2                15.83 kB
dist/assets/space-mono-latin-400-normal-Rg4St2Dn.woff2                    16.52 kB
dist/assets/dm-sans-latin-400-normal-BwCSEQnW.woff                        18.36 kB
dist/assets/dm-sans-latin-700-normal-CUSSCpQX.woff                        18.50 kB
dist/assets/bricolage-grotesque-latin-800-normal-J50vIsBe.woff2           21.84 kB
dist/assets/bricolage-grotesque-latin-800-normal-Br4b-5gk.woff            26.44 kB
dist/assets/esbuild-CzsZLPr0.wasm                                     13,918.74 kB │ gzip: 3,765.48 kB
dist/assets/react-B_HLJtWd.css                                            21.91 kB │ gzip:     4.99 kB
dist/assets/i18n-CqFoPaZz.css                                             52.35 kB │ gzip:     9.66 kB
dist/assets/preload-helper-BXl3LOEh.js                                     1.11 kB │ gzip:     0.65 kB
dist/assets/index--mnOSxdR.js                                              1.52 kB │ gzip:     0.74 kB
dist/assets/index-DoiqR_xz.js                                              4.76 kB │ gzip:     1.93 kB
dist/assets/browser-DMOqUXGX.js                                           70.26 kB │ gzip:    19.95 kB
dist/assets/i18n-Bl2bmFOz.js                                             378.08 kB │ gzip:   110.57 kB
dist/assets/react-BeNRs30a.js                                            925.95 kB │ gzip:   276.99 kB
dist/assets/initPlayerApp-tWE83cBl.js                                  1,121.64 kB │ gzip:   327.49 kB

(!) Some chunks are larger than 500 kB after minification. Consider:
- Using dynamic import() to code-split the application
- Use build.rollupOptions.output.manualChunks to improve chunking: https://rollupjs.org/configuration-options/#output-manualchunks
- Adjust chunk size limit for this warning via build.chunkSizeWarningLimit.
✓ built in 4.87s
    Updating crates.io index
    Updating git repository `https://github.com/tauri-apps/fix-path-env-rs`
 Downloading crates ...
  Downloaded adler2 v2.0.1
  Downloaded atomic-waker v1.1.2
  Downloaded alloc-stdlib v0.2.2
  Downloaded enumflags2_derive v0.7.12
  Downloaded block-buffer v0.10.4
  Downloaded convert_case v0.4.0
  Downloaded async-stream-impl v0.3.6
  Downloaded bytecheck v0.6.12
  Downloaded cairo-sys-rs v0.18.2
  Downloaded cargo-platform v0.1.9
  Downloaded cfg_aliases v0.2.1
  Downloaded cfg-if v1.0.1
  Downloaded cfg_aliases v0.1.1
  Downloaded alloc-no-stdlib v2.0.4
  Downloaded field-offset v0.3.6
  Downloaded bytecheck_derive v0.6.12
  Downloaded constant_time_eq v0.3.1
  Downloaded errno v0.3.13
  Downloaded funty v2.0.0
  Downloaded dirs v6.0.0
  Downloaded event-listener-strategy v0.5.4
  Downloaded crypto-common v0.1.6
  Downloaded darling_macro v0.20.11
  Downloaded crc v3.4.0
  Downloaded file-id v0.2.3
  Downloaded dlopen2_derive v0.4.1
  Downloaded form_urlencoded v1.2.1
  Downloaded dirs-sys v0.5.0
  Downloaded dpi v0.1.2
  Downloaded cssparser-macros v0.6.1
  Downloaded darling_macro v0.23.0
  Downloaded ctor v0.2.9
  Downloaded cpufeatures v0.2.17
  Downloaded document-features v0.2.12
  Downloaded endi v1.1.0
  Downloaded dtoa-short v0.3.5
  Downloaded dunce v1.0.5
  Downloaded fnv v1.0.7
  Downloaded dyn-clone v1.0.20
  Downloaded discord-rich-presence v1.1.0
  Downloaded equivalent v1.0.2
  Downloaded crc-catalog v2.4.0
  Downloaded gdkwayland-sys v0.18.2
  Downloaded fxhash v0.2.1
  Downloaded futures-sink v0.3.32
  Downloaded futf v0.1.5
  Downloaded async-stream v0.3.6
  Downloaded gdk-pixbuf-sys v0.18.0
  Downloaded autocfg v1.5.0
  Downloaded blocking v1.6.2
  Downloaded cargo_metadata v0.19.2
  Downloaded async-signal v0.2.12
  Downloaded async-broadcast v0.7.2
  Downloaded gdkx11-sys v0.18.2
  Downloaded gdkx11 v0.18.2
  Downloaded async-trait v0.1.89
  Downloaded futures-io v0.3.32
  Downloaded futures-core v0.3.32
  Downloaded bitflags v1.3.2
  Downloaded axum-core v0.5.6
  Downloaded async-channel v2.5.0
  Downloaded cmake v0.1.58
  Downloaded filetime v0.2.25
  Downloaded borsh-derive v1.3.0
  Downloaded concurrent-queue v2.5.0
  Downloaded libappindicator-sys v0.9.0
  Downloaded async-executor v1.13.3
  Downloaded dtoa v1.0.10
  Downloaded deranged v0.5.8
  Downloaded deflate64 v0.1.10
  Downloaded cipher v0.4.4
  Downloaded displaydoc v0.2.5
  Downloaded dlopen2 v0.8.2
  Downloaded digest v0.10.7
  Downloaded byte-unit v5.1.6
  Downloaded cargo_toml v0.22.3
  Downloaded arrayvec v0.7.6
  Downloaded generic-array v0.14.7
  Downloaded camino v1.1.10
  Downloaded bitflags v2.9.1
  Downloaded atk v0.18.2
  Downloaded cookie v0.18.1
  Downloaded cfg-expr v0.15.8
  Downloaded chacha20 v0.10.0
  Downloaded lru-slab v0.1.2
  Downloaded hex v0.4.3
  Downloaded libloading v0.7.4
  Downloaded heck v0.4.1
  Downloaded crc32fast v1.5.0
  Downloaded embed-resource v3.0.5
  Downloaded darling v0.23.0
  Downloaded crossbeam-utils v0.8.21
  Downloaded cookie_store v0.22.1
  Downloaded inotify-sys v0.1.5
  Downloaded heck v0.5.0
  Downloaded async-task v4.7.1
  Downloaded async-process v2.4.0
  Downloaded async-lock v3.4.1
  Downloaded bzip2 v0.5.2
  Downloaded atk-sys v0.18.2
  Downloaded cpufeatures v0.3.0
  Downloaded keyboard-types v0.7.0
  Downloaded kuchikiki v0.8.8-speedreader
  Downloaded byteorder v1.5.0
  Downloaded ahash v0.7.8
  Downloaded idna_adapter v1.2.1
  Downloaded cairo-rs v0.18.5
  Downloaded lock_api v0.4.13
  Downloaded itoa v1.0.15
  Downloaded inout v0.1.4
  Downloaded litrs v1.0.0
  Downloaded mac v0.1.1
  Downloaded is-wsl v0.4.0
  Downloaded http-body v1.0.1
  Downloaded ident_case v1.0.1
  Downloaded fastrand v2.3.0
  Downloaded futures-task v0.3.32
  Downloaded libappindicator v0.9.0
  Downloaded darling_core v0.20.11
  Downloaded memoffset v0.9.1
  Downloaded darling_core v0.23.0
  Downloaded mime v0.3.17
  Downloaded javascriptcore-rs-sys v1.1.1
  Downloaded is-docker v0.2.0
  Downloaded nodrop v0.1.14
  Downloaded new_debug_unreachable v1.0.6
  Downloaded httpdate v1.0.3
  Downloaded home v0.5.12
  Downloaded mime_guess v2.0.5
  Downloaded erased-serde v0.4.6
  Downloaded num_threads v0.1.7
  Downloaded num-conv v0.2.1
  Downloaded notify-types v2.0.0
  Downloaded lazy_static v1.5.0
  Downloaded aes v0.8.4
  Downloaded crossbeam-channel v0.5.15
  Downloaded bumpalo v3.19.0
  Downloaded match_token v0.1.0
  Downloaded enumflags2 v0.7.12
  Downloaded matches v0.1.10
  Downloaded log v0.4.29
  Downloaded cssparser v0.29.6
  Downloaded fdeflate v0.3.7
  Downloaded cc v1.2.58
  Downloaded futures-macro v0.3.32
  Downloaded base64 v0.22.1
  Downloaded foldhash v0.1.5
  Downloaded bytes v1.10.1
  Downloaded anyhow v1.0.98
  Downloaded litemap v0.8.0
  Downloaded option-ext v0.2.0
  Downloaded open v5.3.3
  Downloaded notify-debouncer-full v0.6.0
  Downloaded futures-executor v0.3.32
  Downloaded find-msvc-tools v0.1.9
  Downloaded notify v8.2.0
  Downloaded miniz_oxide v0.8.9
  Downloaded gtk3-macros v0.18.2
  Downloaded derive_more v0.99.20
  Downloaded darling v0.20.11
  Downloaded cfb v0.7.3
  Downloaded getrandom v0.1.16
  Downloaded gdk-pixbuf v0.18.5
  Downloaded borsh v1.3.0
  Downloaded async-io v2.5.0
  Downloaded http-body-util v0.1.3
  Downloaded gobject-sys v0.18.0
  Downloaded infer v0.19.0
  Downloaded pathdiff v0.2.3
  Downloaded phf v0.10.1
  Downloaded phf v0.8.0
  Downloaded percent-encoding v2.3.2
  Downloaded pastey v0.2.1
  Downloaded parking_lot_core v0.9.11
  Downloaded ordered-stream v0.2.0
  Downloaded num-traits v0.2.19
  Downloaded mio v1.0.4
  Downloaded brotli-decompressor v5.0.0
  Downloaded axum v0.8.8
  Downloaded aho-corasick v1.1.3
  Downloaded memchr v2.7.5
  Downloaded json-patch v3.0.1
  Downloaded glob v0.3.2
  Downloaded phf_codegen v0.11.3
  Downloaded phf_macros v0.11.3
  Downloaded phf_macros v0.10.0
  Downloaded phf_generator v0.11.3
  Downloaded ipnet v2.11.0
  Downloaded chrono v0.4.44
  Downloaded bitvec v1.0.1
  Downloaded aws-lc-rs v1.16.2
  Downloaded jobserver v0.1.34
  Downloaded phf_codegen v0.8.0
  Downloaded pkg-config v0.3.32
  Downloaded piper v0.2.4
  Downloaded pin-project-lite v0.2.16
  Downloaded phf_shared v0.8.0
  Downloaded phf v0.11.3
  Downloaded inotify v0.11.0
  Downloaded parking v2.2.1
  Downloaded openssl-probe v0.2.1
  Downloaded proc-macro-crate v2.0.2
  Downloaded proc-macro-crate v1.3.1
  Downloaded precomputed-hash v0.1.1
  Downloaded ppv-lite86 v0.2.21
  Downloaded powerfmt v0.2.0
  Downloaded potential_utf v0.1.2
  Downloaded polling v3.10.0
  Downloaded proc-macro-hack v0.5.20+deprecated
  Downloaded rend v0.4.2
  Downloaded ref-cast-impl v1.0.24
  Downloaded ref-cast v1.0.24
  Downloaded quinn v0.11.8
  Downloaded raw-window-handle v0.6.2
  Downloaded rand_pcg v0.2.1
  Downloaded rand_core v0.10.0
  Downloaded rand_core v0.9.3
  Downloaded rand_core v0.5.1
  Downloaded rand_chacha v0.9.0
  Downloaded rand_chacha v0.3.1
  Downloaded radium v0.7.0
  Downloaded quote v1.0.40
  Downloaded rust-embed-utils v8.11.0
  Downloaded publicsuffix v2.3.0
  Downloaded rust-embed-impl v8.11.0
  Downloaded quinn-udp v0.5.13
  Downloaded ptr_meta_derive v0.1.4
  Downloaded ptr_meta v0.1.4
  Downloaded proc-macro2 v1.0.95
  Downloaded proc-macro-error v1.0.4
  Downloaded nix v0.30.1
  Downloaded phf_generator v0.10.0
  Downloaded futures-channel v0.3.32
  Downloaded event-listener v5.4.1
  Downloaded phf_generator v0.8.0
  Downloaded pbkdf2 v0.12.2
  Downloaded fs_extra v1.3.0
  Downloaded proc-macro-error-attr v1.0.4
  Downloaded proc-macro-crate v3.4.0
  Downloaded jsonptr v0.6.3
  Downloaded getrandom v0.2.16
  Downloaded phf_shared v0.10.0
  Downloaded futures-lite v2.6.1
  Downloaded minisign-verify v0.2.4
  Downloaded javascriptcore-rs v1.1.2
  Downloaded iana-time-zone v0.1.63
  Downloaded hyper-rustls v0.27.7
  Downloaded psl-types v2.0.11
  Downloaded same-file v1.0.6
  Downloaded schemars_derive v0.8.22
  Downloaded rfd v0.16.0
  Downloaded rand_chacha v0.2.2
  Downloaded rustls-native-certs v0.8.3
  Downloaded serde_repr v0.1.20
  Downloaded lzma-rs v0.3.0
  Downloaded ryu v1.0.20
  Downloaded rustc-hash v2.1.1
  Downloaded rustc_version v0.4.1
  Downloaded serde_spanned v0.6.9
  Downloaded schemars_derive v1.2.1
  Downloaded scopeguard v1.2.0
  Downloaded rand v0.9.2
  Downloaded markup5ever v0.14.1
  Downloaded getrandom v0.3.3
  Downloaded getrandom v0.4.1
  Downloaded rustls-platform-verifier v0.6.2
  Downloaded icu_provider v2.0.0
  Downloaded sha1 v0.10.6
  Downloaded matchit v0.8.4
  Downloaded indexmap v1.9.3
  Downloaded phf_shared v0.11.3
  Downloaded once_cell v1.21.3
  Downloaded httparse v1.10.1
  Downloaded serde-untagged v0.1.7
  Downloaded hmac v0.12.1
  Downloaded serialize-to-javascript v0.1.2
  Downloaded serde_path_to_error v0.1.20
  Downloaded serde_urlencoded v0.7.1
  Downloaded rand v0.7.3
  Downloaded futures v0.3.32
  Downloaded serialize-to-javascript-impl v0.1.2
  Downloaded schemars v0.8.22
  Downloaded rustls-pki-types v1.12.0
  Downloaded signal-hook-registry v1.4.6
  Downloaded glib-macros v0.18.5
  Downloaded shlex v1.3.0
  Downloaded icu_properties v2.0.1
  Downloaded sha2 v0.10.9
  Downloaded servo_arc v0.2.0
  Downloaded schemars v0.9.0
  Downloaded sync_wrapper v1.0.2
  Downloaded syn_derive v0.1.8
  Downloaded stable_deref_trait v1.2.0
  Downloaded icu_normalizer v2.0.0
  Downloaded rustls-webpki v0.103.4
  Downloaded parking_lot v0.12.4
  Downloaded simd-adler32 v0.3.7
  Downloaded string_cache_codegen v0.5.4
  Downloaded subtle v2.6.1
  Downloaded strsim v0.11.1
  Downloaded siphasher v1.0.1
  Downloaded serde_derive v1.0.228
  Downloaded siphasher v0.3.11
  Downloaded serde_core v1.0.228
  Downloaded rand_core v0.6.4
  Downloaded strip-ansi-escapes v0.2.1
  Downloaded rmcp-macros v0.17.0
  Downloaded rkyv_derive v0.7.45
  Downloaded pango-sys v0.18.0
  Downloaded string_cache v0.8.9
  Downloaded pango v0.18.3
  Downloaded soup3-sys v0.5.0
  Downloaded synstructure v0.13.2
  Downloaded rkyv v0.7.45
  Downloaded schemars v1.2.1
  Downloaded tap v1.0.1
  Downloaded serde v1.0.228
  Downloaded serde_derive_internals v0.29.1
  Downloaded serde_spanned v1.0.0
  Downloaded flate2 v1.1.2
  Downloaded tower-layer v0.3.3
  Downloaded html5ever v0.29.1
  Downloaded gio-sys v0.18.1
  Downloaded bzip2-sys v0.1.13+1.0.8
  Downloaded soup3 v0.5.0
  Downloaded ico v0.5.0
  Downloaded icu_locale_core v2.0.0
  Downloaded reqwest v0.13.1
  Downloaded target-lexicon v0.12.16
  Downloaded icu_normalizer_data v2.0.0
  Downloaded tower-service v0.3.3
  Downloaded slab v0.4.10
  Downloaded simdutf8 v0.1.5
  Downloaded system-deps v6.2.2
  Downloaded tauri-codegen v2.5.5
  Downloaded selectors v0.24.0
  Downloaded tauri-macros v2.5.5
  Downloaded seahash v4.1.0
  Downloaded tauri-build v2.5.6
  Downloaded tauri-plugin v2.5.3
  Downloaded sse-stream v0.2.1
  Downloaded try-lock v0.2.5
  Downloaded semver v1.0.26
  Downloaded reqwest v0.12.22
  Downloaded gdk-sys v0.18.2
  Downloaded tar v0.4.44
  Downloaded serde_with_macros v3.14.0
  Downloaded unic-char-range v0.9.0
  Downloaded unic-char-property v0.9.0
  Downloaded unic-common v0.9.0
  Downloaded typeid v1.0.3
  Downloaded quinn-proto v0.11.12
  Downloaded utf8_iter v1.0.4
  Downloaded utf-8 v0.7.6
  Downloaded unic-ucd-version v0.9.0
  Downloaded unic-ucd-ident v0.9.0
  Downloaded glib-sys v0.18.1
  Downloaded tauri-winres v0.3.2
  Downloaded tauri-plugin-opener v2.5.3
  Downloaded icu_collections v2.0.0
  Downloaded tendril v0.4.3
  Downloaded tauri-runtime v2.10.1
  Downloaded tempfile v3.27.0
  Downloaded smallvec v1.15.1
  Downloaded want v0.3.1
  Downloaded version_check v0.9.5
  Downloaded toml_datetime v0.6.3
  Downloaded tinyvec_macros v0.1.1
  Downloaded time-core v0.1.8
  Downloaded serde_json v1.0.149
  Downloaded gdk v0.18.2
  Downloaded tauri-plugin-log v2.8.0
  Downloaded tinystr v0.8.1
  Downloaded regex v1.11.1
  Downloaded tokio-macros v2.6.1
  Downloaded brotli v8.0.1
  Downloaded zvariant_utils v3.3.0
  Downloaded zerofrom v0.1.6
  Downloaded tokio-rustls v0.26.2
  Downloaded tauri-runtime-wry v2.10.1
  Downloaded thiserror v1.0.69
  Downloaded time-macros v0.2.27
  Downloaded thiserror-impl v1.0.69
  Downloaded thiserror v2.0.12
  Downloaded indexmap v2.10.0
  Downloaded tauri-plugin-process v2.3.1
  Downloaded thiserror-impl v2.0.12
  Downloaded toml_writer v1.0.2
  Downloaded tracing-attributes v0.1.30
  Downloaded toml_datetime v0.7.0
  Downloaded tokio-stream v0.1.18
  Downloaded tauri-plugin-window-state v2.4.1
  Downloaded webkit2gtk-sys v2.0.2
  Downloaded socket2 v0.5.10
  Downloaded toml_parser v1.0.1
  Downloaded walkdir v2.5.0
  Downloaded toml v0.8.2
  Downloaded yoke v0.8.0
  Downloaded untrusted v0.9.0
  Downloaded wyz v0.5.1
  Downloaded toml v0.9.4
  Downloaded utf8-width v0.1.7
  Downloaded tinyvec v1.9.0
  Downloaded zbus_names v4.3.1
  Downloaded version-compare v0.2.0
  Downloaded zstd v0.13.3
  Downloaded unicase v2.9.0
  Downloaded tracing-core v0.1.34
  Downloaded hyper-util v0.1.16
  Downloaded http v1.4.0
  Downloaded urlpattern v0.3.0
  Downloaded xattr v1.5.1
  Downloaded yoke-derive v0.8.0
  Downloaded uuid v0.8.2
  Downloaded zvariant_derive v5.9.2
  Downloaded toml_edit v0.20.2
  Downloaded toml_edit v0.23.2
  Downloaded zerofrom-derive v0.1.6
  Downloaded writeable v0.6.1
  Downloaded zeroize_derive v1.4.3
  Downloaded toml_edit v0.19.15
  Downloaded value-bag v1.12.0
  Downloaded unicode-ident v1.0.18
  Downloaded tauri-utils v2.8.3
  Downloaded socket2 v0.6.0
  Downloaded lzma-sys v0.1.20
  Downloaded tauri-plugin-fs v2.4.5
  Downloaded zerovec-derive v0.11.1
  Downloaded zeroize v1.8.1
  Downloaded zbus_macros v5.13.2
  Downloaded xz2 v0.1.7
  Downloaded libc v0.2.183
  Downloaded zstd-safe v7.2.4
  Downloaded zmij v1.0.21
  Downloaded vte v0.14.1
  Downloaded tray-icon v0.21.1
  Downloaded tower v0.5.2
  Downloaded webkit2gtk v2.0.2
  Downloaded syn v1.0.109
  Downloaded tokio-util v0.7.18
  Downloaded tauri-plugin-upload v2.4.0
  Downloaded png v0.17.16
  Downloaded muda v0.17.1
  Downloaded uuid v1.23.0
  Downloaded rand v0.8.5
  Downloaded hashbrown v0.12.3
  Downloaded zopfli v0.8.3
  Downloaded typenum v1.18.0
  Downloaded zerotrie v0.2.2
  Downloaded url v2.5.4
  Downloaded unicode-segmentation v1.12.0
  Downloaded tracing v0.1.41
  Downloaded rand v0.10.0
  Downloaded syn v2.0.117
  Downloaded idna v1.0.3
  Downloaded x11-dl v2.21.0
  Downloaded x11 v2.21.0
  Downloaded gtk-sys v0.18.2
  Downloaded zip v2.4.2
  Downloaded tauri v2.10.3
  Downloaded tao v0.34.5
  Downloaded time v0.3.47
  Downloaded iri-string v0.7.8
  Downloaded hyper v1.6.0
  Downloaded icu_properties_data v2.0.1
  Downloaded tauri-plugin-store v2.4.2
  Downloaded futures-util v0.3.32
  Downloaded hashbrown v0.15.4
  Downloaded zerocopy v0.8.26
  Downloaded tauri-plugin-dialog v2.6.0
  Downloaded h2 v0.4.12
  Downloaded tauri-plugin-updater v2.10.0
  Downloaded regex-automata v0.4.9
  Downloaded zvariant v5.9.2
  Downloaded rust_decimal v1.37.2
  Downloaded tower-http v0.6.8
  Downloaded zerovec v0.11.2
  Downloaded serde_with v3.14.0
  Downloaded winnow v0.5.40
  Downloaded gio v0.18.4
  Downloaded zbus v5.12.0
  Downloaded winnow v0.7.12
  Downloaded glib v0.18.5
  Downloaded rust-embed v8.11.0
  Downloaded wry v0.54.1
  Downloaded fern v0.7.1
  Downloaded rmcp v0.17.0
  Downloaded tokio v1.50.0
  Downloaded webpki-roots v1.0.2
  Downloaded regex-syntax v0.8.5
  Downloaded rustls v0.23.31
  Downloaded gtk v0.18.2
  Downloaded rustix v1.1.4
  Downloaded ring v0.17.14
  Downloaded zstd-sys v2.0.16+zstd.1.5.7
  Downloaded encoding_rs v0.8.35
  Downloaded linux-raw-sys v0.12.1
  Downloaded read-progress-stream v1.0.0
  Downloaded aws-lc-sys v0.39.1
   Compiling player v1.20.0 (/workspaces/nuclear/packages/player/src-tauri)
warning: variant `Password` is never constructed
 --> src/mpd/protocol.rs:5:5
  |
3 | pub enum Command {
  |          ------- variant in this enum
4 |     Ping,
5 |     Password,
  |     ^^^^^^^^
  |
  = note: `#[warn(dead_code)]` (part of `#[warn(unused)]`) on by default

warning: constant `ACK_ERROR_NO_EXIST` is never used
  --> src/mpd/protocol.rs:51:11
   |
51 | pub const ACK_ERROR_NO_EXIST: u32 = 50;
   |           ^^^^^^^^^^^^^^^^^^

warning: `player` (lib) generated 2 warnings
    Finished `release` profile [optimized] target(s) in 39.55s
       Built application at: /workspaces/nuclear/packages/player/src-tauri/target/release/nuclear-music-player
        Info Patching /workspaces/nuclear/packages/player/src-tauri/target/release/nuclear-music-player with bundle type information: deb
    Bundling Nuclear_1.39.0_amd64.deb (/workspaces/nuclear/packages/player/src-tauri/target/release/bundle/deb/Nuclear_1.39.0_amd64.deb)
        Info Patching /workspaces/nuclear/packages/player/src-tauri/target/release/nuclear-music-player with bundle type information: rpm
    Bundling Nuclear-1.39.0-1.x86_64.rpm (/workspaces/nuclear/packages/player/src-tauri/target/release/bundle/rpm/Nuclear-1.39.0-1.x86_64.rpm)
        Info Patching /workspaces/nuclear/packages/player/src-tauri/target/release/nuclear-music-player with bundle type information: appimage
 Downloading https://github.com/tauri-apps/binary-releases/releases/download/apprun-old/AppRun-x86_64
 Downloading https://github.com/tauri-apps/binary-releases/releases/download/linuxdeploy/linuxdeploy-x86_64.AppImage
 Downloading https://raw.githubusercontent.com/tauri-apps/linuxdeploy-plugin-gtk/master/linuxdeploy-plugin-gtk.sh
 Downloading https://raw.githubusercontent.com/tauri-apps/linuxdeploy-plugin-gstreamer/master/linuxdeploy-plugin-gstreamer.sh
 Downloading https://github.com/linuxdeploy/linuxdeploy-plugin-appimage/releases/download/continuous/linuxdeploy-plugin-appimage-x86_64.AppImage
    Bundling Nuclear_1.39.0_amd64.AppImage (/workspaces/nuclear/packages/player/src-tauri/target/release/bundle/appimage/Nuclear_1.39.0_amd64.AppImage)
    Finished 3 bundles at:
        /workspaces/nuclear/packages/player/src-tauri/target/release/bundle/deb/Nuclear_1.39.0_amd64.deb
        /workspaces/nuclear/packages/player/src-tauri/target/release/bundle/rpm/Nuclear-1.39.0-1.x86_64.rpm
        /workspaces/nuclear/packages/player/src-tauri/target/release/bundle/appimage/Nuclear_1.39.0_amd64.AppImage

A public key has been found, but no private key. Make sure to set `TAURI_SIGNING_PRIVATE_KEY` environment variable.
       Error A public key has been found, but no private key. Make sure to set `TAURI_SIGNING_PRIVATE_KEY` environment variable.

---
vp run: 0/3 cache hit (0%), 1 failed. (Run `vp run --last-details` for full details)

