 Container devcontainer-nuclear-dev-run-0722b1a93e6d Creating 
 Container devcontainer-nuclear-dev-run-0722b1a93e6d Created 
2:27:39 AM [vite+] warning: `esbuild` option was specified by "vite:react-babel" plugin. This option is deprecated, please use `oxc` instead.
2:27:39 AM [vite+] warning: `optimizeDeps.esbuildOptions` option was specified by "vite:react-babel" plugin. This option is deprecated, please use `optimizeDeps.rolldownOptions` instead.
You or a plugin you are using have set `optimizeDeps.esbuildOptions` but this option is now deprecated. Vite now uses Rolldown to optimize the dependencies. Please use `optimizeDeps.rolldownOptions` instead.
2:27:39 AM [vite+] warning: `esbuild` option was specified by "vite:react-babel" plugin. This option is deprecated, please use `oxc` instead.
2:27:39 AM [vite+] warning: `optimizeDeps.esbuildOptions` option was specified by "vite:react-babel" plugin. This option is deprecated, please use `optimizeDeps.rolldownOptions` instead.
You or a plugin you are using have set `optimizeDeps.esbuildOptions` but this option is now deprecated. Vite now uses Rolldown to optimize the dependencies. Please use `optimizeDeps.rolldownOptions` instead.
2:27:39 AM [vite+] warning: `esbuild` option was specified by "vite:react-babel" plugin. This option is deprecated, please use `oxc` instead.
2:27:39 AM [vite+] warning: `optimizeDeps.esbuildOptions` option was specified by "vite:react-babel" plugin. This option is deprecated, please use `optimizeDeps.rolldownOptions` instead.
You or a plugin you are using have set `optimizeDeps.esbuildOptions` but this option is now deprecated. Vite now uses Rolldown to optimize the dependencies. Please use `optimizeDeps.rolldownOptions` instead.
2:27:39 AM [vite+] warning: `esbuild` option was specified by "vite:react-babel" plugin. This option is deprecated, please use `oxc` instead.
2:27:39 AM [vite+] warning: `optimizeDeps.esbuildOptions` option was specified by "vite:react-babel" plugin. This option is deprecated, please use `optimizeDeps.rolldownOptions` instead.
You or a plugin you are using have set `optimizeDeps.esbuildOptions` but this option is now deprecated. Vite now uses Rolldown to optimize the dependencies. Please use `optimizeDeps.rolldownOptions` instead.
~/packages/player$ tsc ⊘ cache disabled

~/packages/player$ vite build ⊘ cache disabled
vite v7.3.5 building client environment for production...
transforming...

[@tanstack/devtools-vite] Removed devtools code from: /src/components/DevTools.tsx

✓ 4273 modules transformed.
rendering chunks...
computing gzip size...
dist/index.html                                                            0.61 kB │ gzip:     0.35 kB
dist/assets/bricolage-grotesque-vietnamese-800-normal-RJtJa6zl.woff2       5.06 kB
dist/assets/space-mono-vietnamese-400-normal-B0PMp_xB.woff                 5.41 kB
dist/assets/bricolage-grotesque-vietnamese-800-normal-DJ4hCX8l.woff        6.80 kB
dist/assets/space-mono-vietnamese-400-normal-BNOj0Qhp.woff2                7.27 kB
dist/assets/dm-sans-latin-ext-400-normal-BtiwyxMk.woff2                    7.36 kB
dist/assets/dm-sans-latin-ext-700-normal-CJIcxD6K.woff2                    7.45 kB
dist/assets/dm-sans-latin-ext-400-normal-BjWJ59Pq.woff                     9.98 kB
dist/assets/dm-sans-latin-ext-700-normal-BLI3TTWz.woff                    10.01 kB
dist/assets/bricolage-grotesque-latin-ext-800-normal-BimIDUhy.woff2       10.50 kB
dist/assets/space-mono-latin-400-normal-_3DlpgIW.woff                     12.31 kB
dist/assets/space-mono-latin-ext-400-normal-D4cJI_B-.woff                 12.61 kB
dist/assets/bricolage-grotesque-latin-ext-800-normal-CkoBqIJM.woff        13.61 kB
dist/assets/dm-sans-latin-400-normal-CW0RaeGs.woff2                       14.20 kB
dist/assets/dm-sans-latin-700-normal-DvUfVpUG.woff2                       14.35 kB
dist/assets/space-mono-latin-ext-400-normal-DTLbW2xa.woff2                15.83 kB
dist/assets/space-mono-latin-400-normal-Rg4St2Dn.woff2                    16.52 kB
dist/assets/dm-sans-latin-400-normal-BwCSEQnW.woff                        18.36 kB
dist/assets/dm-sans-latin-700-normal-CUSSCpQX.woff                        18.50 kB
dist/assets/bricolage-grotesque-latin-800-normal-J50vIsBe.woff2           21.84 kB
dist/assets/bricolage-grotesque-latin-800-normal-Br4b-5gk.woff            26.44 kB
dist/assets/esbuild-CzsZLPr0.wasm                                     13,918.74 kB │ gzip: 3,765.48 kB
dist/assets/react-B_HLJtWd.css                                            21.91 kB │ gzip:     4.99 kB
dist/assets/i18n-CqFoPaZz.css                                             52.35 kB │ gzip:     9.66 kB
dist/assets/preload-helper-BXl3LOEh.js                                     1.11 kB │ gzip:     0.65 kB
dist/assets/index--mnOSxdR.js                                              1.52 kB │ gzip:     0.74 kB
dist/assets/index-DoiqR_xz.js                                              4.76 kB │ gzip:     1.93 kB
dist/assets/browser-DMOqUXGX.js                                           70.26 kB │ gzip:    19.95 kB
dist/assets/i18n-Bl2bmFOz.js                                             378.08 kB │ gzip:   110.57 kB
dist/assets/react-BeNRs30a.js                                            925.95 kB │ gzip:   276.99 kB
dist/assets/initPlayerApp-tWE83cBl.js                                  1,121.64 kB │ gzip:   327.49 kB

(!) Some chunks are larger than 500 kB after minification. Consider:
- Using dynamic import() to code-split the application
- Use build.rollupOptions.output.manualChunks to improve chunking: https://rollupjs.org/configuration-options/#output-manualchunks
- Adjust chunk size limit for this warning via build.chunkSizeWarningLimit.
✓ built in 5.10s

~/packages/player$ tauri build ⊘ cache disabled
        Info Looking up installed tauri packages to check mismatched versions...
     Running beforeBuildCommand `cd ../.. && pnpm --filter @nuclearplayer/player build:frontend`

> @nuclearplayer/player@1.39.0 build:frontend /workspaces/nuclear/packages/player
> tsc && vite build

vite v7.3.5 building client environment for production...
transforming...

[@tanstack/devtools-vite] Removed devtools code from: /src/components/DevTools.tsx

✓ 4273 modules transformed.
rendering chunks...
computing gzip size...
dist/index.html                                                            0.61 kB │ gzip:     0.35 kB
dist/assets/bricolage-grotesque-vietnamese-800-normal-RJtJa6zl.woff2       5.06 kB
dist/assets/space-mono-vietnamese-400-normal-B0PMp_xB.woff                 5.41 kB
dist/assets/bricolage-grotesque-vietnamese-800-normal-DJ4hCX8l.woff        6.80 kB
dist/assets/space-mono-vietnamese-400-normal-BNOj0Qhp.woff2                7.27 kB
dist/assets/dm-sans-latin-ext-400-normal-BtiwyxMk.woff2                    7.36 kB
dist/assets/dm-sans-latin-ext-700-normal-CJIcxD6K.woff2                    7.45 kB
dist/assets/dm-sans-latin-ext-400-normal-BjWJ59Pq.woff                     9.98 kB
dist/assets/dm-sans-latin-ext-700-normal-BLI3TTWz.woff                    10.01 kB
dist/assets/bricolage-grotesque-latin-ext-800-normal-BimIDUhy.woff2       10.50 kB
dist/assets/space-mono-latin-400-normal-_3DlpgIW.woff                     12.31 kB
dist/assets/space-mono-latin-ext-400-normal-D4cJI_B-.woff                 12.61 kB
dist/assets/bricolage-grotesque-latin-ext-800-normal-CkoBqIJM.woff        13.61 kB
dist/assets/dm-sans-latin-400-normal-CW0RaeGs.woff2                       14.20 kB
dist/assets/dm-sans-latin-700-normal-DvUfVpUG.woff2                       14.35 kB
dist/assets/space-mono-latin-ext-400-normal-DTLbW2xa.woff2                15.83 kB
dist/assets/space-mono-latin-400-normal-Rg4St2Dn.woff2                    16.52 kB
dist/assets/dm-sans-latin-400-normal-BwCSEQnW.woff                        18.36 kB
dist/assets/dm-sans-latin-700-normal-CUSSCpQX.woff                        18.50 kB
dist/assets/bricolage-grotesque-latin-800-normal-J50vIsBe.woff2           21.84 kB
dist/assets/bricolage-grotesque-latin-800-normal-Br4b-5gk.woff            26.44 kB
dist/assets/esbuild-CzsZLPr0.wasm                                     13,918.74 kB │ gzip: 3,765.48 kB
dist/assets/react-B_HLJtWd.css                                            21.91 kB │ gzip:     4.99 kB
dist/assets/i18n-CqFoPaZz.css                                             52.35 kB │ gzip:     9.66 kB
dist/assets/preload-helper-BXl3LOEh.js                                     1.11 kB │ gzip:     0.65 kB
dist/assets/index--mnOSxdR.js                                              1.52 kB │ gzip:     0.74 kB
dist/assets/index-DoiqR_xz.js                                              4.76 kB │ gzip:     1.93 kB
dist/assets/browser-DMOqUXGX.js                                           70.26 kB │ gzip:    19.95 kB
dist/assets/i18n-Bl2bmFOz.js                                             378.08 kB │ gzip:   110.57 kB
dist/assets/react-BeNRs30a.js                                            925.95 kB │ gzip:   276.99 kB
dist/assets/initPlayerApp-tWE83cBl.js                                  1,121.64 kB │ gzip:   327.49 kB

(!) Some chunks are larger than 500 kB after minification. Consider:
- Using dynamic import() to code-split the application
- Use build.rollupOptions.output.manualChunks to improve chunking: https://rollupjs.org/configuration-options/#output-manualchunks
- Adjust chunk size limit for this warning via build.chunkSizeWarningLimit.
✓ built in 5.04s
    Updating crates.io index
    Updating git repository `https://github.com/tauri-apps/fix-path-env-rs`
error: failed to get `fix-path-env` as a dependency of package `player v1.20.0 (/workspaces/nuclear/packages/player/src-tauri)`

Caused by:
  failed to load source for dependency `fix-path-env`

Caused by:
  unable to update https://github.com/tauri-apps/fix-path-env-rs#c4c45d50

Caused by:
  failed to create directory `/home/ubuntu/.cargo/git/db/fix-path-env-rs-989801966ccfd032`

Caused by:
  Permission denied (os error 13)
failed to build app: failed to build app
       Error failed to build app: failed to build app

---
vp run: 0/3 cache hit (0%), 1 failed. (Run `vp run --last-details` for full details)

