 Container devcontainer-nuclear-dev-run-e51660b48994 Creating 
 Container devcontainer-nuclear-dev-run-e51660b48994 Created 
Usage: vp run [OPTIONS] [TASK_SPECIFIER] [ADDITIONAL_ARGS]...

Run tasks.

Arguments:
  [TASK_SPECIFIER]      `packageName#taskName` or `taskName`. If omitted, lists all available tasks
  [ADDITIONAL_ARGS]...  Additional arguments to pass to the tasks

Options:
  -r, --recursive         Select all packages in the workspace
  -t, --transitive        Select the current package and its transitive dependencies
  -w, --workspace-root    Select the workspace root package
  -F, --filter <FILTERS>  Match packages by name, directory, or glob pattern
  --ignore-depends-on     Do not run dependencies specified in `dependsOn` fields
  -v, --verbose           Show full detailed summary after execution
  --last-details          Display the detailed summary of the last run
  -h, --help              Print help (see more with '--help')

Filter Patterns:
  --filter <pattern>        Select by package name (e.g. foo, @scope/*)
  --filter ./<dir>          Select packages under a directory
  --filter {<dir>}          Same as ./<dir>, but allows traversal suffixes
  --filter <pattern>...     Select package and its dependencies
  --filter ...<pattern>     Select package and its dependents
  --filter <pattern>^...    Select only the dependencies (exclude the package itself)
  --filter !<pattern>       Exclude packages matching the pattern

Documentation: https://viteplus.dev/guide/run

